<?xml version="1.0" encoding="UTF-8"?>
<testng-results ignored="0" total="6" passed="5" failed="1" skipped="0">
  <reporter-output>
  </reporter-output>
  <suite started-at="2025-08-09T11:21:01 IST" name="CrossBrowserSuite" finished-at="2025-08-09T11:21:35 IST" duration-ms="33210">
    <groups>
    </groups>
    <test started-at="2025-08-09T11:21:01 IST" name="edgeTest" finished-at="2025-08-09T11:21:20 IST" duration-ms="18870">
      <class name="org.AutomationExercise.e_com.TestCases.sanity">
        <test-method is-config="true" signature="setupReport()[pri:0, instance:org.AutomationExercise.e_com.TestCases.sanity@8462f31]" started-at="2025-08-09T11:21:01 IST" name="setupReport" finished-at="2025-08-09T11:21:01 IST" duration-ms="346" status="PASS">
          <reporter-output>
          </reporter-output>
        </test-method> <!-- setupReport -->
        <test-method is-config="true" signature="setupClass(java.lang.String,java.lang.String,java.lang.String)[pri:0, instance:org.AutomationExercise.e_com.TestCases.sanity@8462f31]" started-at="2025-08-09T11:21:01 IST" name="setupClass" finished-at="2025-08-09T11:21:04 IST" duration-ms="3030" status="PASS">
          <params>
            <param index="0">
              <value>
                <![CDATA[edge]]>
              </value>
            </param>
            <param index="1">
              <value>
                <![CDATA[latest]]>
              </value>
            </param>
            <param index="2">
              <value>
                <![CDATA[local]]>
              </value>
            </param>
          </params>
          <reporter-output>
          </reporter-output>
        </test-method> <!-- setupClass -->
        <test-method is-config="true" signature="startTest(java.lang.reflect.Method)[pri:0, instance:org.AutomationExercise.e_com.TestCases.sanity@8462f31]" started-at="2025-08-09T11:21:04 IST" name="startTest" finished-at="2025-08-09T11:21:04 IST" duration-ms="0" status="PASS">
          <params>
            <param index="0">
              <value>
                <![CDATA[public void org.AutomationExercise.e_com.TestCases.sanity.searchProduct()]]>
              </value>
            </param>
          </params>
          <reporter-output>
          </reporter-output>
        </test-method> <!-- startTest -->
        <test-method signature="searchProduct()[pri:1, instance:org.AutomationExercise.e_com.TestCases.sanity@8462f31]" started-at="2025-08-09T11:21:04 IST" name="searchProduct" finished-at="2025-08-09T11:21:11 IST" duration-ms="6341" status="PASS">
          <reporter-output>
          </reporter-output>
        </test-method> <!-- searchProduct -->
        <test-method is-config="true" signature="afterMethod(org.testng.ITestResult)[pri:0, instance:org.AutomationExercise.e_com.TestCases.sanity@8462f31]" started-at="2025-08-09T11:21:11 IST" name="afterMethod" finished-at="2025-08-09T11:21:11 IST" duration-ms="2" status="PASS">
          <params>
            <param index="0">
              <value>
                <![CDATA[[TestResult name=searchProduct status=SUCCESS method=sanity.searchProduct()[pri:1, instance:org.AutomationExercise.e_com.TestCases.sanity@8462f31] output={null}]]]>
              </value>
            </param>
          </params>
          <reporter-output>
          </reporter-output>
        </test-method> <!-- afterMethod -->
        <test-method is-config="true" signature="startTest(java.lang.reflect.Method)[pri:0, instance:org.AutomationExercise.e_com.TestCases.sanity@8462f31]" started-at="2025-08-09T11:21:11 IST" name="startTest" finished-at="2025-08-09T11:21:11 IST" duration-ms="3" status="PASS">
          <params>
            <param index="0">
              <value>
                <![CDATA[public void org.AutomationExercise.e_com.TestCases.sanity.verifyCart()]]>
              </value>
            </param>
          </params>
          <reporter-output>
          </reporter-output>
        </test-method> <!-- startTest -->
        <test-method signature="verifyCart()[pri:2, instance:org.AutomationExercise.e_com.TestCases.sanity@8462f31]" started-at="2025-08-09T11:21:11 IST" name="verifyCart" finished-at="2025-08-09T11:21:20 IST" depends-on-methods="org.AutomationExercise.e_com.TestCases.sanity.searchProduct" duration-ms="9128" status="PASS">
          <reporter-output>
          </reporter-output>
        </test-method> <!-- verifyCart -->
        <test-method is-config="true" signature="afterMethod(org.testng.ITestResult)[pri:0, instance:org.AutomationExercise.e_com.TestCases.sanity@8462f31]" started-at="2025-08-09T11:21:20 IST" name="afterMethod" finished-at="2025-08-09T11:21:20 IST" duration-ms="1" status="PASS">
          <params>
            <param index="0">
              <value>
                <![CDATA[[TestResult name=verifyCart status=SUCCESS method=sanity.verifyCart()[pri:2, instance:org.AutomationExercise.e_com.TestCases.sanity@8462f31] output={null}]]]>
              </value>
            </param>
          </params>
          <reporter-output>
          </reporter-output>
        </test-method> <!-- afterMethod -->
        <test-method is-config="true" signature="teardownClass()[pri:0, instance:org.AutomationExercise.e_com.TestCases.sanity@8462f31]" started-at="2025-08-09T11:21:20 IST" name="teardownClass" finished-at="2025-08-09T11:21:20 IST" duration-ms="306" status="PASS">
          <reporter-output>
          </reporter-output>
        </test-method> <!-- teardownClass -->
        <test-method is-config="true" signature="generateReport()[pri:0, instance:org.AutomationExercise.e_com.TestCases.sanity@8462f31]" started-at="2025-08-09T11:21:35 IST" name="generateReport" finished-at="2025-08-09T11:21:35 IST" duration-ms="365" status="PASS">
          <reporter-output>
          </reporter-output>
        </test-method> <!-- generateReport -->
      </class> <!-- org.AutomationExercise.e_com.TestCases.sanity -->
    </test> <!-- edgeTest -->
    <test started-at="2025-08-09T11:21:01 IST" name="FirefoxTest" finished-at="2025-08-09T11:21:30 IST" duration-ms="28400">
      <class name="org.AutomationExercise.e_com.TestCases.sanity">
        <test-method is-config="true" signature="setupClass(java.lang.String,java.lang.String,java.lang.String)[pri:0, instance:org.AutomationExercise.e_com.TestCases.sanity@3e08ff24]" started-at="2025-08-09T11:21:01 IST" name="setupClass" finished-at="2025-08-09T11:21:06 IST" duration-ms="4975" status="PASS">
          <params>
            <param index="0">
              <value>
                <![CDATA[Firefox]]>
              </value>
            </param>
            <param index="1">
              <value>
                <![CDATA[latest]]>
              </value>
            </param>
            <param index="2">
              <value>
                <![CDATA[local]]>
              </value>
            </param>
          </params>
          <reporter-output>
          </reporter-output>
        </test-method> <!-- setupClass -->
        <test-method is-config="true" signature="startTest(java.lang.reflect.Method)[pri:0, instance:org.AutomationExercise.e_com.TestCases.sanity@3e08ff24]" started-at="2025-08-09T11:21:06 IST" name="startTest" finished-at="2025-08-09T11:21:06 IST" duration-ms="1" status="PASS">
          <params>
            <param index="0">
              <value>
                <![CDATA[public void org.AutomationExercise.e_com.TestCases.sanity.searchProduct()]]>
              </value>
            </param>
          </params>
          <reporter-output>
          </reporter-output>
        </test-method> <!-- startTest -->
        <test-method signature="searchProduct()[pri:1, instance:org.AutomationExercise.e_com.TestCases.sanity@3e08ff24]" started-at="2025-08-09T11:21:06 IST" name="searchProduct" finished-at="2025-08-09T11:21:27 IST" duration-ms="20649" status="PASS">
          <reporter-output>
          </reporter-output>
        </test-method> <!-- searchProduct -->
        <test-method is-config="true" signature="afterMethod(org.testng.ITestResult)[pri:0, instance:org.AutomationExercise.e_com.TestCases.sanity@3e08ff24]" started-at="2025-08-09T11:21:27 IST" name="afterMethod" finished-at="2025-08-09T11:21:27 IST" duration-ms="0" status="PASS">
          <params>
            <param index="0">
              <value>
                <![CDATA[[TestResult name=searchProduct status=SUCCESS method=sanity.searchProduct()[pri:1, instance:org.AutomationExercise.e_com.TestCases.sanity@3e08ff24] output={null}]]]>
              </value>
            </param>
          </params>
          <reporter-output>
          </reporter-output>
        </test-method> <!-- afterMethod -->
        <test-method is-config="true" signature="startTest(java.lang.reflect.Method)[pri:0, instance:org.AutomationExercise.e_com.TestCases.sanity@3e08ff24]" started-at="2025-08-09T11:21:27 IST" name="startTest" finished-at="2025-08-09T11:21:27 IST" duration-ms="4" status="PASS">
          <params>
            <param index="0">
              <value>
                <![CDATA[public void org.AutomationExercise.e_com.TestCases.sanity.verifyCart()]]>
              </value>
            </param>
          </params>
          <reporter-output>
          </reporter-output>
        </test-method> <!-- startTest -->
        <test-method signature="verifyCart()[pri:2, instance:org.AutomationExercise.e_com.TestCases.sanity@3e08ff24]" started-at="2025-08-09T11:21:27 IST" name="verifyCart" finished-at="2025-08-09T11:21:27 IST" depends-on-methods="org.AutomationExercise.e_com.TestCases.sanity.searchProduct" duration-ms="197" status="FAIL">
          <exception class="org.openqa.selenium.ElementNotInteractableException">
            <message>
              <![CDATA[Element <button class="btn btn-success close-modal btn-block"> could not be scrolled into view
Build info: version: '4.28.1', revision: '73f5ad48a2'
System info: os.name: 'Windows 11', os.arch: 'amd64', os.version: '10.0', java.version: '17.0.9'
Driver info: org.openqa.selenium.firefox.FirefoxDriver
Command: [f37b9b3a-62e9-465a-9d0b-f4005460393b, clickElement {id=5e5a1c00-84e0-49fd-9ebc-04d0cd96da10}]
Capabilities {acceptInsecureCerts: true, browserName: firefox, browserVersion: 141.0.2, moz:accessibilityChecks: false, moz:buildID: 20250804082849, moz:geckodriverVersion: 0.36.0, moz:headless: true, moz:platformVersion: 10.0, moz:processID: 13968, moz:profile: C:\Users\mukes\AppData\Loca..., moz:shutdownTimeout: 60000, moz:webdriverClick: true, moz:windowless: false, pageLoadStrategy: normal, platformName: windows, proxy: Proxy(), setWindowRect: true, strictFileInteractability: false, timeouts: {implicit: 0, pageLoad: 300000, script: 30000}, unhandledPromptBehavior: dismiss and notify, userAgent: Mozilla/5.0 (Windows NT 10....}
Element: [[FirefoxDriver: firefox on windows (f37b9b3a-62e9-465a-9d0b-f4005460393b)] -> xpath: //button[@class='btn btn-success close-modal btn-block']]
Session ID: f37b9b3a-62e9-465a-9d0b-f4005460393b]]>
            </message>
            <full-stacktrace>
              <![CDATA[org.openqa.selenium.ElementNotInteractableException: Element <button class="btn btn-success close-modal btn-block"> could not be scrolled into view
Build info: version: '4.28.1', revision: '73f5ad48a2'
System info: os.name: 'Windows 11', os.arch: 'amd64', os.version: '10.0', java.version: '17.0.9'
Driver info: org.openqa.selenium.firefox.FirefoxDriver
Command: [f37b9b3a-62e9-465a-9d0b-f4005460393b, clickElement {id=5e5a1c00-84e0-49fd-9ebc-04d0cd96da10}]
Capabilities {acceptInsecureCerts: true, browserName: firefox, browserVersion: 141.0.2, moz:accessibilityChecks: false, moz:buildID: 20250804082849, moz:geckodriverVersion: 0.36.0, moz:headless: true, moz:platformVersion: 10.0, moz:processID: 13968, moz:profile: C:\Users\mukes\AppData\Loca..., moz:shutdownTimeout: 60000, moz:webdriverClick: true, moz:windowless: false, pageLoadStrategy: normal, platformName: windows, proxy: Proxy(), setWindowRect: true, strictFileInteractability: false, timeouts: {implicit: 0, pageLoad: 300000, script: 30000}, unhandledPromptBehavior: dismiss and notify, userAgent: Mozilla/5.0 (Windows NT 10....}
Element: [[FirefoxDriver: firefox on windows (f37b9b3a-62e9-465a-9d0b-f4005460393b)] -> xpath: //button[@class='btn btn-success close-modal btn-block']]
Session ID: f37b9b3a-62e9-465a-9d0b-f4005460393b
at java.base/jdk.internal.reflect.NativeConstructorAccessorImpl.newInstance0(Native Method)
at java.base/jdk.internal.reflect.NativeConstructorAccessorImpl.newInstance(NativeConstructorAccessorImpl.java:77)
at java.base/jdk.internal.reflect.DelegatingConstructorAccessorImpl.newInstance(DelegatingConstructorAccessorImpl.java:45)
at java.base/java.lang.reflect.Constructor.newInstanceWithCaller(Constructor.java:499)
at java.base/java.lang.reflect.Constructor.newInstance(Constructor.java:480)
at org.openqa.selenium.remote.ErrorCodec.decode(ErrorCodec.java:167)
at org.openqa.selenium.remote.codec.w3c.W3CHttpResponseCodec.decode(W3CHttpResponseCodec.java:138)
at org.openqa.selenium.remote.codec.w3c.W3CHttpResponseCodec.decode(W3CHttpResponseCodec.java:50)
at org.openqa.selenium.remote.HttpCommandExecutor.execute(HttpCommandExecutor.java:215)
at org.openqa.selenium.remote.service.DriverCommandExecutor.invokeExecute(DriverCommandExecutor.java:216)
at org.openqa.selenium.remote.service.DriverCommandExecutor.execute(DriverCommandExecutor.java:174)
at org.openqa.selenium.remote.RemoteWebDriver.execute(RemoteWebDriver.java:545)
at org.openqa.selenium.remote.RemoteWebElement.execute(RemoteWebElement.java:223)
at org.openqa.selenium.remote.RemoteWebElement.click(RemoteWebElement.java:76)
at org.AutomationExercise.e_com.pageObjects.ProductPage.clickContinueShoppingBtn(ProductPage.java:36)
at org.AutomationExercise.e_com.TestCases.sanity.verifyCart(sanity.java:57)
at java.base/jdk.internal.reflect.NativeMethodAccessorImpl.invoke0(Native Method)
at java.base/jdk.internal.reflect.NativeMethodAccessorImpl.invoke(NativeMethodAccessorImpl.java:77)
at java.base/jdk.internal.reflect.DelegatingMethodAccessorImpl.invoke(DelegatingMethodAccessorImpl.java:43)
at java.base/java.lang.reflect.Method.invoke(Method.java:568)
at org.testng.internal.invokers.MethodInvocationHelper.invokeMethod(MethodInvocationHelper.java:139)
at org.testng.internal.invokers.TestInvoker.invokeMethod(TestInvoker.java:664)
at org.testng.internal.invokers.TestInvoker.invokeTestMethod(TestInvoker.java:228)
at org.testng.internal.invokers.MethodRunner.runInSequence(MethodRunner.java:63)
at org.testng.internal.invokers.TestInvoker$MethodInvocationAgent.invoke(TestInvoker.java:961)
at org.testng.internal.invokers.TestInvoker.invokeTestMethods(TestInvoker.java:201)
at org.testng.internal.invokers.TestMethodWorker.invokeTestMethods(TestMethodWorker.java:148)
at org.testng.internal.invokers.TestMethodWorker.run(TestMethodWorker.java:128)
at java.base/java.util.ArrayList.forEach(ArrayList.java:1511)
at org.testng.TestRunner.privateRun(TestRunner.java:819)
at org.testng.TestRunner.run(TestRunner.java:619)
at org.testng.SuiteRunner.runTest(SuiteRunner.java:443)
at org.testng.SuiteRunner$SuiteWorker.run(SuiteRunner.java:481)
at org.testng.internal.thread.ThreadUtil.lambda$execute$0(ThreadUtil.java:58)
at java.base/java.util.concurrent.FutureTask.run(FutureTask.java:264)
at java.base/java.util.concurrent.ThreadPoolExecutor.runWorker(ThreadPoolExecutor.java:1136)
at java.base/java.util.concurrent.ThreadPoolExecutor$Worker.run(ThreadPoolExecutor.java:635)
at java.base/java.lang.Thread.run(Thread.java:840)
]]>
            </full-stacktrace>
          </exception> <!-- org.openqa.selenium.ElementNotInteractableException -->
          <reporter-output>
          </reporter-output>
        </test-method> <!-- verifyCart -->
        <test-method is-config="true" signature="afterMethod(org.testng.ITestResult)[pri:0, instance:org.AutomationExercise.e_com.TestCases.sanity@3e08ff24]" started-at="2025-08-09T11:21:27 IST" name="afterMethod" finished-at="2025-08-09T11:21:28 IST" duration-ms="839" status="PASS">
          <params>
            <param index="0">
              <value>
                <![CDATA[[TestResult name=verifyCart status=FAILURE method=sanity.verifyCart()[pri:2, instance:org.AutomationExercise.e_com.TestCases.sanity@3e08ff24] output={null}]]]>
              </value>
            </param>
          </params>
          <reporter-output>
          </reporter-output>
        </test-method> <!-- afterMethod -->
        <test-method is-config="true" signature="teardownClass()[pri:0, instance:org.AutomationExercise.e_com.TestCases.sanity@3e08ff24]" started-at="2025-08-09T11:21:28 IST" name="teardownClass" finished-at="2025-08-09T11:21:30 IST" duration-ms="1673" status="PASS">
          <reporter-output>
          </reporter-output>
        </test-method> <!-- teardownClass -->
      </class> <!-- org.AutomationExercise.e_com.TestCases.sanity -->
    </test> <!-- FirefoxTest -->
    <test started-at="2025-08-09T11:21:01 IST" name="ChromeTest" finished-at="2025-08-09T11:21:35 IST" duration-ms="33210">
      <class name="org.AutomationExercise.e_com.TestCases.sanity">
        <test-method is-config="true" signature="setupClass(java.lang.String,java.lang.String,java.lang.String)[pri:0, instance:org.AutomationExercise.e_com.TestCases.sanity@117159c0]" started-at="2025-08-09T11:21:01 IST" name="setupClass" finished-at="2025-08-09T11:21:04 IST" duration-ms="2861" status="PASS">
          <params>
            <param index="0">
              <value>
                <![CDATA[chrome]]>
              </value>
            </param>
            <param index="1">
              <value>
                <![CDATA[latest]]>
              </value>
            </param>
            <param index="2">
              <value>
                <![CDATA[local]]>
              </value>
            </param>
          </params>
          <reporter-output>
          </reporter-output>
        </test-method> <!-- setupClass -->
        <test-method is-config="true" signature="startTest(java.lang.reflect.Method)[pri:0, instance:org.AutomationExercise.e_com.TestCases.sanity@117159c0]" started-at="2025-08-09T11:21:04 IST" name="startTest" finished-at="2025-08-09T11:21:04 IST" duration-ms="28" status="PASS">
          <params>
            <param index="0">
              <value>
                <![CDATA[public void org.AutomationExercise.e_com.TestCases.sanity.searchProduct()]]>
              </value>
            </param>
          </params>
          <reporter-output>
          </reporter-output>
        </test-method> <!-- startTest -->
        <test-method signature="searchProduct()[pri:1, instance:org.AutomationExercise.e_com.TestCases.sanity@117159c0]" started-at="2025-08-09T11:21:04 IST" name="searchProduct" finished-at="2025-08-09T11:21:32 IST" duration-ms="27774" status="PASS">
          <reporter-output>
          </reporter-output>
        </test-method> <!-- searchProduct -->
        <test-method is-config="true" signature="afterMethod(org.testng.ITestResult)[pri:0, instance:org.AutomationExercise.e_com.TestCases.sanity@117159c0]" started-at="2025-08-09T11:21:32 IST" name="afterMethod" finished-at="2025-08-09T11:21:32 IST" duration-ms="0" status="PASS">
          <params>
            <param index="0">
              <value>
                <![CDATA[[TestResult name=searchProduct status=SUCCESS method=sanity.searchProduct()[pri:1, instance:org.AutomationExercise.e_com.TestCases.sanity@117159c0] output={null}]]]>
              </value>
            </param>
          </params>
          <reporter-output>
          </reporter-output>
        </test-method> <!-- afterMethod -->
        <test-method is-config="true" signature="startTest(java.lang.reflect.Method)[pri:0, instance:org.AutomationExercise.e_com.TestCases.sanity@117159c0]" started-at="2025-08-09T11:21:32 IST" name="startTest" finished-at="2025-08-09T11:21:32 IST" duration-ms="1" status="PASS">
          <params>
            <param index="0">
              <value>
                <![CDATA[public void org.AutomationExercise.e_com.TestCases.sanity.verifyCart()]]>
              </value>
            </param>
          </params>
          <reporter-output>
          </reporter-output>
        </test-method> <!-- startTest -->
        <test-method signature="verifyCart()[pri:2, instance:org.AutomationExercise.e_com.TestCases.sanity@117159c0]" started-at="2025-08-09T11:21:32 IST" name="verifyCart" finished-at="2025-08-09T11:21:34 IST" depends-on-methods="org.AutomationExercise.e_com.TestCases.sanity.searchProduct" duration-ms="2241" status="PASS">
          <reporter-output>
          </reporter-output>
        </test-method> <!-- verifyCart -->
        <test-method is-config="true" signature="afterMethod(org.testng.ITestResult)[pri:0, instance:org.AutomationExercise.e_com.TestCases.sanity@117159c0]" started-at="2025-08-09T11:21:34 IST" name="afterMethod" finished-at="2025-08-09T11:21:34 IST" duration-ms="0" status="PASS">
          <params>
            <param index="0">
              <value>
                <![CDATA[[TestResult name=verifyCart status=SUCCESS method=sanity.verifyCart()[pri:2, instance:org.AutomationExercise.e_com.TestCases.sanity@117159c0] output={null}]]]>
              </value>
            </param>
          </params>
          <reporter-output>
          </reporter-output>
        </test-method> <!-- afterMethod -->
        <test-method is-config="true" signature="teardownClass()[pri:0, instance:org.AutomationExercise.e_com.TestCases.sanity@117159c0]" started-at="2025-08-09T11:21:34 IST" name="teardownClass" finished-at="2025-08-09T11:21:35 IST" duration-ms="246" status="PASS">
          <reporter-output>
          </reporter-output>
        </test-method> <!-- teardownClass -->
      </class> <!-- org.AutomationExercise.e_com.TestCases.sanity -->
    </test> <!-- ChromeTest -->
  </suite> <!-- CrossBrowserSuite -->
</testng-results>
